2025-05-18 15:28:40,045 - INFO - Matched: XNCZuUTL | Keywords: ['t.me']
2025-05-18 15:28:43,083 - INFO - No match for: php
2025-05-18 15:28:46,049 - INFO - No match for: n1TMmCce
2025-05-18 15:28:49,120 - INFO - No match for: csharp
2025-05-18 15:28:52,126 - INFO - No match for: 3gvg9fFV
2025-05-18 15:28:55,072 - INFO - No match for: python
2025-05-18 15:28:57,826 - INFO - No match for: XbuEdXbr
2025-05-18 15:29:00,795 - INFO - No match for: J3XkcKrE
2025-05-18 15:29:03,839 - INFO - No match for: Uj5Ck5my
2025-05-18 15:29:06,696 - INFO - No match for: Xgywy4uu
2025-05-18 15:29:09,914 - INFO - No match for: lua
2025-05-18 15:29:12,817 - INFO - No match for: 2y3VmdQd
2025-05-18 15:29:15,747 - INFO - No match for: dart
2025-05-18 15:29:18,728 - INFO - No match for: 2y3dJEtJ
2025-05-18 15:29:21,790 - INFO - No match for: css
2025-05-18 15:29:24,861 - INFO - No match for: aMvLQXDz
2025-05-18 15:29:27,985 - INFO - No match for: c
2025-05-18 15:29:31,102 - INFO - No match for: uTThUC8X
2025-05-18 15:29:34,303 - INFO - No match for: vZeS3zX0
2025-05-18 15:29:37,237 - INFO - No match for: T4bt7jhd
2025-05-18 15:29:40,230 - INFO - Matched: 10sdx8FG | Keywords: ['t.me']
2025-05-18 15:29:43,113 - INFO - Matched: 5bfnD8tv | Keywords: ['t.me']
2025-05-18 15:29:43,113 - INFO - Scraping complete. Total matches: 3
